20:56:03 **** Incremental Build of configuration Default for project SysProgTemplate_SS_15 ****
make all 
make -C Automat AutomatOBJTarget
make[1]: Entering directory '/home/sonja/Dokumente/SysProg/bearbeiteteVersionen/3.Labortermin/SysProgSS2016/SysProgTemplate_SS_15/Automat'
make AutomatTarget
make[2]: Entering directory '/home/sonja/Dokumente/SysProg/bearbeiteteVersionen/3.Labortermin/SysProgSS2016/SysProgTemplate_SS_15/Automat'
g++ -g  -c -Wall src/Automat.cpp -o objs/Automat.o  
src/Automat.cpp:15:17: error: conflicting declaration ‘State2* State5::theState’
 State2* State5::theState = NULL;
                 ^
In file included from src/Automat.cpp:6:0:
src/../includes/Automat.h:94:17: note: previous declaration as ‘State5* State5::theState’
  static State5* theState;
                 ^
src/Automat.cpp:15:17: error: declaration of ‘State5* State5::theState’ outside of class is not definition [-fpermissive]
 State2* State5::theState = NULL;
                 ^
src/Automat.cpp:16:17: error: conflicting declaration ‘State3* State6::theState’
 State3* State6::theState = NULL;
                 ^
In file included from src/Automat.cpp:6:0:
src/../includes/Automat.h:106:17: note: previous declaration as ‘State6* State6::theState’
  static State6* theState;
                 ^
src/Automat.cpp:16:17: error: declaration of ‘State6* State6::theState’ outside of class is not definition [-fpermissive]
 State3* State6::theState = NULL;
                 ^
src/Automat.cpp:17:17: error: conflicting declaration ‘State4* State7::theState’
 State4* State7::theState = NULL;
                 ^
In file included from src/Automat.cpp:6:0:
src/../includes/Automat.h:119:17: note: previous declaration as ‘State7* State7::theState’
  static State7* theState;
                 ^
src/Automat.cpp:17:17: error: declaration of ‘State7* State7::theState’ outside of class is not definition [-fpermissive]
makefile:22: recipe for target 'AutomatTarget' failed
make[2]: Leaving directory '/home/sonja/Dokumente/SysProg/bearbeiteteVersionen/3.Labortermin/SysProgSS2016/SysProgTemplate_SS_15/Automat'
makefile:42: recipe for target 'AutomatOBJTarget' failed
make[1]: Leaving directory '/home/sonja/Dokumente/SysProg/bearbeiteteVersionen/3.Labortermin/SysProgSS2016/SysProgTemplate_SS_15/Automat'
makefile:31: recipe for target 'automatOBJs' failed
 State4* State7::theState = NULL;
                 ^
src/Automat.cpp:18:17: error: conflicting declaration ‘State0* State8::theState’
 State0* State8::theState = NULL;
                 ^
In file included from src/Automat.cpp:6:0:
src/../includes/Automat.h:132:17: note: previous declaration as ‘State8* State8::theState’
  static State8* theState;
                 ^
src/Automat.cpp:18:17: error: declaration of ‘State8* State8::theState’ outside of class is not definition [-fpermissive]
 State0* State8::theState = NULL;
                 ^
src/Automat.cpp:19:17: error: conflicting declaration ‘State1* State9::theState’
 State1* State9::theState = NULL;
                 ^
In file included from src/Automat.cpp:6:0:
src/../includes/Automat.h:144:17: note: previous declaration as ‘State9* State9::theState’
  static State9* theState;
                 ^
src/Automat.cpp:19:17: error: declaration of ‘State9* State9::theState’ outside of class is not definition [-fpermissive]
 State1* State9::theState = NULL;
                 ^
src/Automat.cpp:20:18: error: conflicting declaration ‘State2* State10::theState’
 State2* State10::theState = NULL;
                  ^
In file included from src/Automat.cpp:6:0:
src/../includes/Automat.h:157:18: note: previous declaration as ‘State10* State10::theState’
  static State10* theState;
                  ^
src/Automat.cpp:20:18: error: declaration of ‘State10* State10::theState’ outside of class is not definition [-fpermissive]
 State2* State10::theState = NULL;
                  ^
src/Automat.cpp: In member function ‘virtual void State0::read(char, Automat*)’:
src/Automat.cpp:202:39: error: cannot call member function ‘State* State3::makeState()’ without object
   automat->setState(State3::makeState()); //einzelnes sign ohne : und =
                                       ^
src/Automat.cpp:205:39: error: cannot call member function ‘State* State4::makeState()’ without object
   automat->setState(State4::makeState()); //einzelnes sign ohne : und =
                                       ^
src/Automat.cpp:208:39: error: cannot call member function ‘State* State6::makeState()’ without object
   automat->setState(State6::makeState()); //einzelnes sign ohne : und =
                                       ^
src/Automat.cpp:211:39: error: cannot call member function ‘State* State9::makeState()’ without object
   automat->setState(State9::makeState()); //einzelnes sign ohne : und =
                                       ^
In file included from src/Automat.cpp:6:0:
src/../includes/Automat.h:21:7: error: ‘void Automat::error()’ is private
  void error();
       ^
src/Automat.cpp:215:18: error: within this context
   automat->error();
                  ^
src/Automat.cpp: In constructor ‘Automat::Automat()’:
src/Automat.cpp:262:9: warning: unused variable ‘currentState’ [-Wunused-variable]
  State* currentState = State0::makeState();
         ^
make[2]: *** [AutomatTarget] Error 1
make[1]: *** [AutomatOBJTarget] Error 2
make: *** [automatOBJs] Error 2
21:07:31 **** Incremental Build of configuration Default for project SysProgTemplate_SS_15 ****
make all 
make -C Automat AutomatOBJTarget
make[1]: Entering directory '/home/sonja/Dokumente/SysProg/bearbeiteteVersionen/3.Labortermin/SysProgSS2016/SysProgTemplate_SS_15/Automat'
make AutomatTarget
make[2]: Entering directory '/home/sonja/Dokumente/SysProg/bearbeiteteVersionen/3.Labortermin/SysProgSS2016/SysProgTemplate_SS_15/Automat'
g++ -g  -c -Wall src/Automat.cpp -o objs/Automat.o  
src/Automat.cpp:15:17: error: conflicting declaration ‘State2* State5::theState’
 State2* State5::theState = NULL;
                 ^
In file included from src/Automat.cpp:6:0:
src/../includes/Automat.h:94:17: note: previous declaration as ‘State5* State5::theState’
  static State5* theState;
                 ^
src/Automat.cpp:15:17: error: declaration of ‘State5* State5::theState’ outside of class is not definition [-fpermissive]
 State2* State5::theState = NULL;
                 ^
src/Automat.cpp:16:17: error: conflicting declaration ‘State3* State6::theState’
 State3* State6::theState = NULL;
                 ^
In file included from src/Automat.cpp:6:0:
src/../includes/Automat.h:106:17: note: previous declaration as ‘State6* State6::theState’
  static State6* theState;
                 ^
src/Automat.cpp:16:17: error: declaration of ‘State6* State6::theState’ outside of class is not definition [-fpermissive]
 State3* State6::theState = NULL;
                 ^
src/Automat.cpp:17:17: error: conflicting declaration ‘State4* State7::theState’
 State4* State7::theState = NULL;
                 ^
In file included from src/Automat.cpp:6:0:
src/../includes/Automat.h:119:17: note: previous declaration as ‘State7* State7::theState’
  static State7* theState;
                 ^
src/Automat.cpp:17:17: error: declaration of ‘State7* State7::theState’ outside of class is not definition [-fpermissive]
makefile:22: recipe for target 'AutomatTarget' failed
make[2]: Leaving directory '/home/sonja/Dokumente/SysProg/bearbeiteteVersionen/3.Labortermin/SysProgSS2016/SysProgTemplate_SS_15/Automat'
makefile:42: recipe for target 'AutomatOBJTarget' failed
make[1]: Leaving directory '/home/sonja/Dokumente/SysProg/bearbeiteteVersionen/3.Labortermin/SysProgSS2016/SysProgTemplate_SS_15/Automat'
makefile:31: recipe for target 'automatOBJs' failed
 State4* State7::theState = NULL;
                 ^
src/Automat.cpp:18:17: error: conflicting declaration ‘State0* State8::theState’
 State0* State8::theState = NULL;
                 ^
In file included from src/Automat.cpp:6:0:
src/../includes/Automat.h:132:17: note: previous declaration as ‘State8* State8::theState’
  static State8* theState;
                 ^
src/Automat.cpp:18:17: error: declaration of ‘State8* State8::theState’ outside of class is not definition [-fpermissive]
 State0* State8::theState = NULL;
                 ^
src/Automat.cpp:19:17: error: conflicting declaration ‘State1* State9::theState’
 State1* State9::theState = NULL;
                 ^
In file included from src/Automat.cpp:6:0:
src/../includes/Automat.h:144:17: note: previous declaration as ‘State9* State9::theState’
  static State9* theState;
                 ^
src/Automat.cpp:19:17: error: declaration of ‘State9* State9::theState’ outside of class is not definition [-fpermissive]
 State1* State9::theState = NULL;
                 ^
src/Automat.cpp:20:18: error: conflicting declaration ‘State2* State10::theState’
 State2* State10::theState = NULL;
                  ^
In file included from src/Automat.cpp:6:0:
src/../includes/Automat.h:157:18: note: previous declaration as ‘State10* State10::theState’
  static State10* theState;
                  ^
src/Automat.cpp:20:18: error: declaration of ‘State10* State10::theState’ outside of class is not definition [-fpermissive]
 State2* State10::theState = NULL;
                  ^
src/Automat.cpp: In member function ‘virtual void State0::read(char, Automat*)’:
src/Automat.cpp:202:39: error: cannot call member function ‘State* State3::makeState()’ without object
   automat->setState(State3::makeState()); //einzelnes sign ohne : und =
                                       ^
src/Automat.cpp:205:39: error: cannot call member function ‘State* State4::makeState()’ without object
   automat->setState(State4::makeState()); //einzelnes sign ohne : und =
                                       ^
src/Automat.cpp:208:39: error: cannot call member function ‘State* State6::makeState()’ without object
   automat->setState(State6::makeState()); //einzelnes sign ohne : und =
                                       ^
src/Automat.cpp:211:39: error: cannot call member function ‘State* State9::makeState()’ without object
   automat->setState(State9::makeState()); //einzelnes sign ohne : und =
                                       ^
In file included from src/Automat.cpp:6:0:
src/../includes/Automat.h:21:7: error: ‘void Automat::error()’ is private
  void error();
       ^
src/Automat.cpp:215:18: error: within this context
   automat->error();
                  ^
src/Automat.cpp: In constructor ‘Automat::Automat()’:
src/Automat.cpp:262:9: warning: unused variable ‘currentState’ [-Wunused-variable]
  State* currentState = State0::makeState();
         ^
make[2]: *** [AutomatTarget] Error 1
make[1]: *** [AutomatOBJTarget] Error 2
make: *** [automatOBJs] Error 2
21:08:33 **** Incremental Build of configuration Default for project SysProgTemplate_SS_15 ****
make all 
make -C Automat AutomatOBJTarget
make[1]: Entering directory '/home/sonja/Dokumente/SysProg/bearbeiteteVersionen/3.Labortermin/SysProgSS2016/SysProgTemplate_SS_15/Automat'
make AutomatTarget
make[2]: Entering directory '/home/sonja/Dokumente/SysProg/bearbeiteteVersionen/3.Labortermin/SysProgSS2016/SysProgTemplate_SS_15/Automat'
g++ -g  -c -Wall src/Automat.cpp -o objs/Automat.o  
src/Automat.cpp:15:17: error: conflicting declaration ‘State2* State5::theState’
 State2* State5::theState = NULL;
                 ^
In file included from src/Automat.cpp:6:0:
src/../includes/Automat.h:94:17: note: previous declaration as ‘State5* State5::theState’
  static State5* theState;
                 ^
src/Automat.cpp:15:17: error: declaration of ‘State5* State5::theState’ outside of class is not definition [-fpermissive]
 State2* State5::theState = NULL;
                 ^
src/Automat.cpp:16:17: error: conflicting declaration ‘State3* State6::theState’
 State3* State6::theState = NULL;
                 ^
In file included from src/Automat.cpp:6:0:
src/../includes/Automat.h:106:17: note: previous declaration as ‘State6* State6::theState’
  static State6* theState;
                 ^
src/Automat.cpp:16:17: error: declaration of ‘State6* State6::theState’ outside of class is not definition [-fpermissive]
 State3* State6::theState = NULL;
                 ^
src/Automat.cpp:17:17: error: conflicting declaration ‘State4* State7::theState’
 State4* State7::theState = NULL;
                 ^
In file included from src/Automat.cpp:6:0:
src/../includes/Automat.h:119:17: note: previous declaration as ‘State7* State7::theState’
  static State7* theState;
                 ^
src/Automat.cpp:17:17: error: declaration of ‘State7* State7::theState’ outside of class is not definition [-fpermissive]
 State4* State7::theState = NULL;
                 ^
src/Automat.cpp:18:17: error: conflicting declaration ‘State0* State8::theState’
 State0* State8::theState = NULL;
                 ^
In file included from src/Automat.cpp:6:0:
src/../includes/Automat.h:132:17: note: previous declaration as ‘State8* State8::theState’
  static State8* theState;
                 ^
src/Automat.cpp:18:17: error: declaration of ‘State8* State8::theState’ outside of class is not definition [-fpermissive]
 State0* State8::theState = NULL;
                 ^
src/Automat.cpp:19:17: error: conflicting declaration ‘State1* State9::theState’
 State1* State9::theState = NULL;
                 ^
In file included from src/Automat.cpp:6:0:
src/../includes/Automat.h:144:17: note: previous declaration as ‘State9* State9::theState’
  static State9* theState;
                 ^
src/Automat.cpp:19:17: error: declaration of ‘State9* State9::theState’ outside of class is not definition [-fpermissive]
 State1* State9::theState = NULL;
                 ^
src/Automat.cpp:20:18: error: conflicting declaration ‘State2* State10::theState’
 State2* State10::theState = NULL;
                  ^
In file included from src/Automat.cpp:6:0:
makefile:22: recipe for target 'AutomatTarget' failed
src/../includes/Automat.h:157:18: note: previous declaration as ‘State10* State10::theState’
  static State10* theState;
                  ^
src/Automat.cpp:20:18: error: declaration of ‘State10* State10::theState’ outside of class is not definition [-fpermissive]
make[2]: Leaving directory '/home/sonja/Dokumente/SysProg/bearbeiteteVersionen/3.Labortermin/SysProgSS2016/SysProgTemplate_SS_15/Automat'
makefile:42: recipe for target 'AutomatOBJTarget' failed
make[1]: Leaving directory '/home/sonja/Dokumente/SysProg/bearbeiteteVersionen/3.Labortermin/SysProgSS2016/SysProgTemplate_SS_15/Automat'
makefile:31: recipe for target 'automatOBJs' failed
 State2* State10::theState = NULL;
                  ^
src/Automat.cpp: In member function ‘virtual void State0::read(char, Automat*)’:
src/Automat.cpp:202:39: error: cannot call member function ‘State* State3::makeState()’ without object
   automat->setState(State3::makeState()); //einzelnes sign ohne : und =
                                       ^
src/Automat.cpp:205:39: error: cannot call member function ‘State* State4::makeState()’ without object
   automat->setState(State4::makeState()); //einzelnes sign ohne : und =
                                       ^
src/Automat.cpp:208:39: error: cannot call member function ‘State* State6::makeState()’ without object
   automat->setState(State6::makeState()); //einzelnes sign ohne : und =
                                       ^
src/Automat.cpp:211:39: error: cannot call member function ‘State* State9::makeState()’ without object
   automat->setState(State9::makeState()); //einzelnes sign ohne : und =
                                       ^
In file included from src/Automat.cpp:6:0:
src/../includes/Automat.h:21:7: error: ‘void Automat::error()’ is private
  void error();
       ^
src/Automat.cpp:215:18: error: within this context
   automat->error();
                  ^
src/Automat.cpp: In constructor ‘Automat::Automat()’:
src/Automat.cpp:262:9: warning: unused variable ‘currentState’ [-Wunused-variable]
  State* currentState = State0::makeState();
         ^
make[2]: *** [AutomatTarget] Error 1
make[1]: *** [AutomatOBJTarget] Error 2
make: *** [automatOBJs] Error 2
21:19:52 **** Incremental Build of configuration Default for project SysProgTemplate_SS_15 ****
make all 
make -C Automat AutomatOBJTarget
make[1]: Entering directory '/home/sonja/Dokumente/SysProg/bearbeiteteVersionen/3.Labortermin/SysProgSS2016/SysProgTemplate_SS_15/Automat'
make AutomatTarget
make[2]: Entering directory '/home/sonja/Dokumente/SysProg/bearbeiteteVersionen/3.Labortermin/SysProgSS2016/SysProgTemplate_SS_15/Automat'
g++ -g  -c -Wall src/Automat.cpp -o objs/Automat.o  
src/Automat.cpp:15:17: error: conflicting declaration ‘State2* State5::theState’
 State2* State5::theState = NULL;
                 ^
In file included from src/Automat.cpp:6:0:
src/../includes/Automat.h:94:17: note: previous declaration as ‘State5* State5::theState’
  static State5* theState;
                 ^
src/Automat.cpp:15:17: error: declaration of ‘State5* State5::theState’ outside of class is not definition [-fpermissive]
 State2* State5::theState = NULL;
                 ^
src/Automat.cpp:16:17: error: conflicting declaration ‘State3* State6::theState’
 State3* State6::theState = NULL;
                 ^
In file included from src/Automat.cpp:6:0:
src/../includes/Automat.h:106:17: note: previous declaration as ‘State6* State6::theState’
  static State6* theState;
                 ^
src/Automat.cpp:16:17: error: declaration of ‘State6* State6::theState’ outside of class is not definition [-fpermissive]
 State3* State6::theState = NULL;
                 ^
src/Automat.cpp:17:17: error: conflicting declaration ‘State4* State7::theState’
 State4* State7::theState = NULL;
                 ^
In file included from src/Automat.cpp:6:0:
src/../includes/Automat.h:119:17: note: previous declaration as ‘State7* State7::theState’
  static State7* theState;
                 ^
src/Automat.cpp:17:17: error: declaration of ‘State7* State7::theState’ outside of class is not definition [-fpermissive]
 State4* State7::theState = NULL;
                 ^
src/Automat.cpp:18:17: error: conflicting declaration ‘State0* State8::theState’
 State0* State8::theState = NULL;
                 ^
In file included from src/Automat.cpp:6:0:
src/../includes/Automat.h:132:17: note: previous declaration as ‘State8* State8::theState’
  static State8* theState;
                 ^
src/Automat.cpp:18:17: error: declaration of ‘State8* State8::theState’ outside of class is not definition [-fpermissive]
makefile:22: recipe for target 'AutomatTarget' failed
make[2]: Leaving directory '/home/sonja/Dokumente/SysProg/bearbeiteteVersionen/3.Labortermin/SysProgSS2016/SysProgTemplate_SS_15/Automat'
makefile:42: recipe for target 'AutomatOBJTarget' failed
make[1]: Leaving directory '/home/sonja/Dokumente/SysProg/bearbeiteteVersionen/3.Labortermin/SysProgSS2016/SysProgTemplate_SS_15/Automat'
makefile:31: recipe for target 'automatOBJs' failed
 State0* State8::theState = NULL;
                 ^
src/Automat.cpp:19:17: error: conflicting declaration ‘State1* State9::theState’
 State1* State9::theState = NULL;
                 ^
In file included from src/Automat.cpp:6:0:
src/../includes/Automat.h:144:17: note: previous declaration as ‘State9* State9::theState’
  static State9* theState;
                 ^
src/Automat.cpp:19:17: error: declaration of ‘State9* State9::theState’ outside of class is not definition [-fpermissive]
 State1* State9::theState = NULL;
                 ^
src/Automat.cpp:20:18: error: conflicting declaration ‘State2* State10::theState’
 State2* State10::theState = NULL;
                  ^
In file included from src/Automat.cpp:6:0:
src/../includes/Automat.h:157:18: note: previous declaration as ‘State10* State10::theState’
  static State10* theState;
                  ^
src/Automat.cpp:20:18: error: declaration of ‘State10* State10::theState’ outside of class is not definition [-fpermissive]
 State2* State10::theState = NULL;
                  ^
src/Automat.cpp: In member function ‘virtual void State0::read(char, Automat*)’:
src/Automat.cpp:202:39: error: cannot call member function ‘State* State3::makeState()’ without object
   automat->setState(State3::makeState()); //einzelnes sign ohne : und =
                                       ^
src/Automat.cpp:205:39: error: cannot call member function ‘State* State4::makeState()’ without object
   automat->setState(State4::makeState()); //einzelnes sign ohne : und =
                                       ^
src/Automat.cpp:208:39: error: cannot call member function ‘State* State6::makeState()’ without object
   automat->setState(State6::makeState()); //einzelnes sign ohne : und =
                                       ^
src/Automat.cpp:211:39: error: cannot call member function ‘State* State9::makeState()’ without object
   automat->setState(State9::makeState()); //einzelnes sign ohne : und =
                                       ^
In file included from src/Automat.cpp:6:0:
src/../includes/Automat.h:21:7: error: ‘void Automat::error()’ is private
  void error();
       ^
src/Automat.cpp:215:18: error: within this context
   automat->error();
                  ^
src/Automat.cpp: In constructor ‘Automat::Automat()’:
src/Automat.cpp:262:9: warning: unused variable ‘currentState’ [-Wunused-variable]
  State* currentState = State0::makeState();
         ^
make[2]: *** [AutomatTarget] Error 1
make[1]: *** [AutomatOBJTarget] Error 2
make: *** [automatOBJs] Error 2
21:25:46 **** Incremental Build of configuration Default for project SysProgTemplate_SS_15 ****
make all 
make -C Automat AutomatOBJTarget
make[1]: Entering directory '/home/sonja/Dokumente/SysProg/bearbeiteteVersionen/3.Labortermin/SysProgSS2016/SysProgTemplate_SS_15/Automat'
make AutomatTarget
make[2]: Entering directory '/home/sonja/Dokumente/SysProg/bearbeiteteVersionen/3.Labortermin/SysProgSS2016/SysProgTemplate_SS_15/Automat'
g++ -g  -c -Wall src/Automat.cpp -o objs/Automat.o  
src/Automat.cpp: In constructor ‘Automat::Automat()’:
src/Automat.cpp:262:9: warning: unused variable ‘currentState’ [-Wunused-variable]
  State* currentState = State0::makeState();
         ^
make[2]: Leaving directory '/home/sonja/Dokumente/SysProg/bearbeiteteVersionen/3.Labortermin/SysProgSS2016/SysProgTemplate_SS_15/Automat'
make[1]: Leaving directory '/home/sonja/Dokumente/SysProg/bearbeiteteVersionen/3.Labortermin/SysProgSS2016/SysProgTemplate_SS_15/Automat'
make -C Buffer BufferOBJTarget
make[1]: Entering directory '/home/sonja/Dokumente/SysProg/bearbeiteteVersionen/3.Labortermin/SysProgSS2016/SysProgTemplate_SS_15/Buffer'
make BufferTarget
make[2]: Entering directory '/home/sonja/Dokumente/SysProg/bearbeiteteVersionen/3.Labortermin/SysProgSS2016/SysProgTemplate_SS_15/Buffer'
g++ -g  -c -Wall  src/Buffer.cpp -o objs/Buffer.o
make[2]: Leaving directory '/home/sonja/Dokumente/SysProg/bearbeiteteVersionen/3.Labortermin/SysProgSS2016/SysProgTemplate_SS_15/Buffer'
make[1]: Leaving directory '/home/sonja/Dokumente/SysProg/bearbeiteteVersionen/3.Labortermin/SysProgSS2016/SysProgTemplate_SS_15/Buffer'
make -C Symboltable SymboltableOBJTarget
make[1]: Entering directory '/home/sonja/Dokumente/SysProg/bearbeiteteVersionen/3.Labortermin/SysProgSS2016/SysProgTemplate_SS_15/Symboltable'
make SymboltableTarget
make[2]: Entering directory '/home/sonja/Dokumente/SysProg/bearbeiteteVersionen/3.Labortermin/SysProgSS2016/SysProgTemplate_SS_15/Symboltable'
make[2]: Nothing to be done for 'SymboltableTarget'.
make[2]: Leaving directory '/home/sonja/Dokumente/SysProg/bearbeiteteVersionen/3.Labortermin/SysProgSS2016/SysProgTemplate_SS_15/Symboltable'
make[1]: Leaving directory '/home/sonja/Dokumente/SysProg/bearbeiteteVersionen/3.Labortermin/SysProgSS2016/SysProgTemplate_SS_15/Symboltable'
make -C Scanner makeTestScanner
make[1]: Entering directory '/home/sonja/Dokumente/SysProg/bearbeiteteVersionen/3.Labortermin/SysProgSS2016/SysProgTemplate_SS_15/Scanner'
g++ -g  -c -Wall src/TestScanner.cpp -o debug/TestScanner.o  
src/TestScanner.cpp: In function ‘int main(int, char**)’:
src/TestScanner.cpp:5:11: warning: variable ‘scanner’ set but not used [-Wunused-but-set-variable]
  Scanner* scanner;
           ^
g++ -g debug/TestScanner.o objs/*.o ../Automat/objs/*.o ../Buffer/objs/*.o ../Symboltable/objs/*.o -o debug/ScannerTest
/usr/bin/ld: i386:x86-64 architecture of input file `objs/Scanner.o' is incompatible with i386 output
/usr/bin/ld: i386:x86-64 architecture of input file `../Symboltable/objs/Symboltable.o' is incompatible with i386 output
objs/Scanner.o: In Funktion `Scanner::Scanner()':
/home/stud/lkt/fbi/ngng1012/SysProgSS2016/SysProgTemplate_SS_15/Scanner/src/Scanner.cpp:13: Nicht definierter Verweis auf `operator new(unsigned long)'
makefile:65: recipe for target 'ScannerTest' failed
make[1]: Leaving directory '/home/sonja/Dokumente/SysProg/bearbeiteteVersionen/3.Labortermin/SysProgSS2016/SysProgTemplate_SS_15/Scanner'
../Automat/objs/Automat.o: In Funktion `State::State()':
/home/sonja/Dokumente/SysProg/bearbeiteteVersionen/3.Labortermin/SysProgSS2016/SysProgTemplate_SS_15/Automat/src/../includes/Automat.h:24: Nicht definierter Verweis auf `vtable for State'
makefile:43: recipe for target 'scanner' failed
../Automat/objs/Automat.o:(.rodata._ZTV7State10[_ZTV7State10]+0xc): Nicht definierter Verweis auf `State10::~State10()'
../Automat/objs/Automat.o:(.rodata._ZTV7State10[_ZTV7State10]+0x10): Nicht definierter Verweis auf `State10::~State10()'
../Automat/objs/Automat.o:(.rodata._ZTV6State9[_ZTV6State9]+0xc): Nicht definierter Verweis auf `State9::~State9()'
../Automat/objs/Automat.o:(.rodata._ZTV6State9[_ZTV6State9]+0x10): Nicht definierter Verweis auf `State9::~State9()'
../Automat/objs/Automat.o:(.rodata._ZTV6State8[_ZTV6State8]+0xc): Nicht definierter Verweis auf `State8::~State8()'
../Automat/objs/Automat.o:(.rodata._ZTV6State8[_ZTV6State8]+0x10): Nicht definierter Verweis auf `State8::~State8()'
../Automat/objs/Automat.o:(.rodata._ZTV6State7[_ZTV6State7]+0xc): Nicht definierter Verweis auf `State7::~State7()'
../Automat/objs/Automat.o:(.rodata._ZTV6State7[_ZTV6State7]+0x10): Nicht definierter Verweis auf `State7::~State7()'
../Automat/objs/Automat.o:(.rodata._ZTV6State6[_ZTV6State6]+0xc): Nicht definierter Verweis auf `State6::~State6()'
../Automat/objs/Automat.o:(.rodata._ZTV6State6[_ZTV6State6]+0x10): Nicht definierter Verweis auf `State6::~State6()'
../Automat/objs/Automat.o:(.rodata._ZTV6State5[_ZTV6State5]+0xc): Nicht definierter Verweis auf `State5::~State5()'
../Automat/objs/Automat.o:(.rodata._ZTV6State5[_ZTV6State5]+0x10): Nicht definierter Verweis auf `State5::~State5()'
../Automat/objs/Automat.o:(.rodata._ZTV6State4[_ZTV6State4]+0xc): Nicht definierter Verweis auf `State4::~State4()'
../Automat/objs/Automat.o:(.rodata._ZTV6State4[_ZTV6State4]+0x10): Nicht definierter Verweis auf `State4::~State4()'
../Automat/objs/Automat.o:(.rodata._ZTV6State3[_ZTV6State3]+0xc): Nicht definierter Verweis auf `State3::~State3()'
../Automat/objs/Automat.o:(.rodata._ZTV6State3[_ZTV6State3]+0x10): Nicht definierter Verweis auf `State3::~State3()'
../Automat/objs/Automat.o:(.rodata._ZTV6State2[_ZTV6State2]+0xc): Nicht definierter Verweis auf `State2::~State2()'
../Automat/objs/Automat.o:(.rodata._ZTV6State2[_ZTV6State2]+0x10): Nicht definierter Verweis auf `State2::~State2()'
../Automat/objs/Automat.o:(.rodata._ZTV6State1[_ZTV6State1]+0xc): Nicht definierter Verweis auf `State1::~State1()'
../Automat/objs/Automat.o:(.rodata._ZTV6State1[_ZTV6State1]+0x10): Nicht definierter Verweis auf `State1::~State1()'
../Automat/objs/Automat.o:(.rodata._ZTV6State0[_ZTV6State0]+0xc): Nicht definierter Verweis auf `State0::~State0()'
../Automat/objs/Automat.o:(.rodata._ZTV6State0[_ZTV6State0]+0x10): Nicht definierter Verweis auf `State0::~State0()'
../Automat/objs/Automat.o:(.rodata._ZTI7State10[_ZTI7State10]+0x8): Nicht definierter Verweis auf `typeinfo for State'
../Automat/objs/Automat.o:(.rodata._ZTI6State9[_ZTI6State9]+0x8): Nicht definierter Verweis auf `typeinfo for State'
../Automat/objs/Automat.o:(.rodata._ZTI6State8[_ZTI6State8]+0x8): Nicht definierter Verweis auf `typeinfo for State'
../Automat/objs/Automat.o:(.rodata._ZTI6State7[_ZTI6State7]+0x8): Nicht definierter Verweis auf `typeinfo for State'
../Automat/objs/Automat.o:(.rodata._ZTI6State6[_ZTI6State6]+0x8): Nicht definierter Verweis auf `typeinfo for State'
../Automat/objs/Automat.o:(.rodata._ZTI6State5[_ZTI6State5]+0x8): Weitere nicht definierte Verweise auf `typeinfo for State' folgen
collect2: error: ld returned 1 exit status
make[1]: *** [ScannerTest] Error 1
make: *** [scanner] Error 2
21:38:11 **** Incremental Build of configuration Default for project SysProgTemplate_SS_15 ****
make all 
make -C Automat AutomatOBJTarget
make[1]: Entering directory '/home/sonja/Dokumente/SysProg/bearbeiteteVersionen/3.Labortermin/SysProgSS2016/SysProgTemplate_SS_15/Automat'
make AutomatTarget
make[2]: Entering directory '/home/sonja/Dokumente/SysProg/bearbeiteteVersionen/3.Labortermin/SysProgSS2016/SysProgTemplate_SS_15/Automat'
g++ -g  -c -Wall src/Automat.cpp -o objs/Automat.o  
src/Automat.cpp: In member function ‘virtual void State0::read(char, Automat*)’:
src/Automat.cpp:225:2: error: expected ‘;’ before ‘default’
  default:          //fehlerhaftes Zeichen
  ^
src/Automat.cpp:226:41: error: invalid use of non-static member function
   automat->setState(State0::makeState());
                                         ^
src/Automat.cpp: In constructor ‘Automat::Automat()’:
src/Automat.cpp:278:9: warning: unused variable ‘currentState’ [-Wunused-variable]
  State* currentState = State0::makeState();
         ^
makefile:22: recipe for target 'AutomatTarget' failed
make[2]: *** [AutomatTarget] Error 1
make[1]: *** [AutomatOBJTarget] Error 2
make: *** [automatOBJs] Error 2
make[2]: Leaving directory '/home/sonja/Dokumente/SysProg/bearbeiteteVersionen/3.Labortermin/SysProgSS2016/SysProgTemplate_SS_15/Automat'
makefile:42: recipe for target 'AutomatOBJTarget' failed
make[1]: Leaving directory '/home/sonja/Dokumente/SysProg/bearbeiteteVersionen/3.Labortermin/SysProgSS2016/SysProgTemplate_SS_15/Automat'
makefile:31: recipe for target 'automatOBJs' failed
21:42:30 **** Incremental Build of configuration Default for project SysProgTemplate_SS_15 ****
make all 
make -C Automat AutomatOBJTarget
make[1]: Entering directory '/home/sonja/Dokumente/SysProg/bearbeiteteVersionen/3.Labortermin/SysProgSS2016/SysProgTemplate_SS_15/Automat'
make AutomatTarget
make[2]: Entering directory '/home/sonja/Dokumente/SysProg/bearbeiteteVersionen/3.Labortermin/SysProgSS2016/SysProgTemplate_SS_15/Automat'
g++ -g  -c -Wall src/Automat.cpp -o objs/Automat.o  
src/Automat.cpp: In constructor ‘Automat::Automat()’:
src/Automat.cpp:280:9: warning: unused variable ‘currentState’ [-Wunused-variable]
  State* currentState = State0::makeState();
         ^
make[2]: Leaving directory '/home/sonja/Dokumente/SysProg/bearbeiteteVersionen/3.Labortermin/SysProgSS2016/SysProgTemplate_SS_15/Automat'
make[1]: Leaving directory '/home/sonja/Dokumente/SysProg/bearbeiteteVersionen/3.Labortermin/SysProgSS2016/SysProgTemplate_SS_15/Automat'
make -C Buffer BufferOBJTarget
make[1]: Entering directory '/home/sonja/Dokumente/SysProg/bearbeiteteVersionen/3.Labortermin/SysProgSS2016/SysProgTemplate_SS_15/Buffer'
make BufferTarget
make[2]: Entering directory '/home/sonja/Dokumente/SysProg/bearbeiteteVersionen/3.Labortermin/SysProgSS2016/SysProgTemplate_SS_15/Buffer'
g++ -g  -c -Wall  src/Buffer.cpp -o objs/Buffer.o
make[2]: Leaving directory '/home/sonja/Dokumente/SysProg/bearbeiteteVersionen/3.Labortermin/SysProgSS2016/SysProgTemplate_SS_15/Buffer'
make[1]: Leaving directory '/home/sonja/Dokumente/SysProg/bearbeiteteVersionen/3.Labortermin/SysProgSS2016/SysProgTemplate_SS_15/Buffer'
make -C Symboltable SymboltableOBJTarget
make[1]: Entering directory '/home/sonja/Dokumente/SysProg/bearbeiteteVersionen/3.Labortermin/SysProgSS2016/SysProgTemplate_SS_15/Symboltable'
make SymboltableTarget
make[2]: Entering directory '/home/sonja/Dokumente/SysProg/bearbeiteteVersionen/3.Labortermin/SysProgSS2016/SysProgTemplate_SS_15/Symboltable'
make[2]: Nothing to be done for 'SymboltableTarget'.
make[2]: Leaving directory '/home/sonja/Dokumente/SysProg/bearbeiteteVersionen/3.Labortermin/SysProgSS2016/SysProgTemplate_SS_15/Symboltable'
make[1]: Leaving directory '/home/sonja/Dokumente/SysProg/bearbeiteteVersionen/3.Labortermin/SysProgSS2016/SysProgTemplate_SS_15/Symboltable'
make -C Scanner makeTestScanner
make[1]: Entering directory '/home/sonja/Dokumente/SysProg/bearbeiteteVersionen/3.Labortermin/SysProgSS2016/SysProgTemplate_SS_15/Scanner'
g++ -g  -c -Wall src/TestScanner.cpp -o debug/TestScanner.o  
src/TestScanner.cpp: In function ‘int main(int, char**)’:
src/TestScanner.cpp:5:11: warning: variable ‘scanner’ set but not used [-Wunused-but-set-variable]
  Scanner* scanner;
           ^
g++ -g debug/TestScanner.o objs/*.o ../Automat/objs/*.o ../Buffer/objs/*.o ../Symboltable/objs/*.o -o debug/ScannerTest
/usr/bin/ld: i386:x86-64 architecture of input file `objs/Scanner.o' is incompatible with i386 output
/usr/bin/ld: i386:x86-64 architecture of input file `../Symboltable/objs/Symboltable.o' is incompatible with i386 output
objs/Scanner.o: In Funktion `Scanner::Scanner()':
/home/stud/lkt/fbi/ngng1012/SysProgSS2016/SysProgTemplate_SS_15/Scanner/src/Scanner.cpp:13: Nicht definierter Verweis auf `operator new(unsigned long)'
makefile:65: recipe for target 'ScannerTest' failed
make[1]: Leaving directory '/home/sonja/Dokumente/SysProg/bearbeiteteVersionen/3.Labortermin/SysProgSS2016/SysProgTemplate_SS_15/Scanner'
makefile:43: recipe for target 'scanner' failed
../Automat/objs/Automat.o: In Funktion `State::State()':
/home/sonja/Dokumente/SysProg/bearbeiteteVersionen/3.Labortermin/SysProgSS2016/SysProgTemplate_SS_15/Automat/src/../includes/Automat.h:24: Nicht definierter Verweis auf `vtable for State'
../Automat/objs/Automat.o:(.rodata._ZTV7State11[_ZTV7State11]+0xc): Nicht definierter Verweis auf `State11::~State11()'
../Automat/objs/Automat.o:(.rodata._ZTV7State11[_ZTV7State11]+0x10): Nicht definierter Verweis auf `State11::~State11()'
../Automat/objs/Automat.o:(.rodata._ZTV7State10[_ZTV7State10]+0xc): Nicht definierter Verweis auf `State10::~State10()'
../Automat/objs/Automat.o:(.rodata._ZTV7State10[_ZTV7State10]+0x10): Nicht definierter Verweis auf `State10::~State10()'
../Automat/objs/Automat.o:(.rodata._ZTV6State9[_ZTV6State9]+0xc): Nicht definierter Verweis auf `State9::~State9()'
../Automat/objs/Automat.o:(.rodata._ZTV6State9[_ZTV6State9]+0x10): Nicht definierter Verweis auf `State9::~State9()'
../Automat/objs/Automat.o:(.rodata._ZTV6State8[_ZTV6State8]+0xc): Nicht definierter Verweis auf `State8::~State8()'
../Automat/objs/Automat.o:(.rodata._ZTV6State8[_ZTV6State8]+0x10): Nicht definierter Verweis auf `State8::~State8()'
../Automat/objs/Automat.o:(.rodata._ZTV6State7[_ZTV6State7]+0xc): Nicht definierter Verweis auf `State7::~State7()'
../Automat/objs/Automat.o:(.rodata._ZTV6State7[_ZTV6State7]+0x10): Nicht definierter Verweis auf `State7::~State7()'
../Automat/objs/Automat.o:(.rodata._ZTV6State6[_ZTV6State6]+0xc): Nicht definierter Verweis auf `State6::~State6()'
../Automat/objs/Automat.o:(.rodata._ZTV6State6[_ZTV6State6]+0x10): Nicht definierter Verweis auf `State6::~State6()'
../Automat/objs/Automat.o:(.rodata._ZTV6State5[_ZTV6State5]+0xc): Nicht definierter Verweis auf `State5::~State5()'
../Automat/objs/Automat.o:(.rodata._ZTV6State5[_ZTV6State5]+0x10): Nicht definierter Verweis auf `State5::~State5()'
../Automat/objs/Automat.o:(.rodata._ZTV6State4[_ZTV6State4]+0xc): Nicht definierter Verweis auf `State4::~State4()'
../Automat/objs/Automat.o:(.rodata._ZTV6State4[_ZTV6State4]+0x10): Nicht definierter Verweis auf `State4::~State4()'
../Automat/objs/Automat.o:(.rodata._ZTV6State3[_ZTV6State3]+0xc): Nicht definierter Verweis auf `State3::~State3()'
../Automat/objs/Automat.o:(.rodata._ZTV6State3[_ZTV6State3]+0x10): Nicht definierter Verweis auf `State3::~State3()'
../Automat/objs/Automat.o:(.rodata._ZTV6State2[_ZTV6State2]+0xc): Nicht definierter Verweis auf `State2::~State2()'
../Automat/objs/Automat.o:(.rodata._ZTV6State2[_ZTV6State2]+0x10): Nicht definierter Verweis auf `State2::~State2()'
../Automat/objs/Automat.o:(.rodata._ZTV6State1[_ZTV6State1]+0xc): Nicht definierter Verweis auf `State1::~State1()'
../Automat/objs/Automat.o:(.rodata._ZTV6State1[_ZTV6State1]+0x10): Nicht definierter Verweis auf `State1::~State1()'
../Automat/objs/Automat.o:(.rodata._ZTV6State0[_ZTV6State0]+0xc): Nicht definierter Verweis auf `State0::~State0()'
../Automat/objs/Automat.o:(.rodata._ZTV6State0[_ZTV6State0]+0x10): Nicht definierter Verweis auf `State0::~State0()'
../Automat/objs/Automat.o:(.rodata._ZTI7State11[_ZTI7State11]+0x8): Nicht definierter Verweis auf `typeinfo for State'
../Automat/objs/Automat.o:(.rodata._ZTI7State10[_ZTI7State10]+0x8): Nicht definierter Verweis auf `typeinfo for State'
../Automat/objs/Automat.o:(.rodata._ZTI6State9[_ZTI6State9]+0x8): Nicht definierter Verweis auf `typeinfo for State'
../Automat/objs/Automat.o:(.rodata._ZTI6State8[_ZTI6State8]+0x8): Nicht definierter Verweis auf `typeinfo for State'
../Automat/objs/Automat.o:(.rodata._ZTI6State7[_ZTI6State7]+0x8): Nicht definierter Verweis auf `typeinfo for State'
../Automat/objs/Automat.o:(.rodata._ZTI6State6[_ZTI6State6]+0x8): Weitere nicht definierte Verweise auf `typeinfo for State' folgen
collect2: error: ld returned 1 exit status
make[1]: *** [ScannerTest] Error 1
make: *** [scanner] Error 2
22:12:05 **** Incremental Build of configuration Default for project SysProgTemplate_SS_15 ****
make all 
src/Automat.cpp: In member function ‘virtual void State1::read(char, Automat*)’:
make -C Automat AutomatOBJTarget
src/Automat.cpp:238:4: error: ‘automat’ was not declared in this scope
    automat->setState(State1::makeState()); //integer
    ^
src/Automat.cpp: In constructor ‘Automat::Automat()’:
src/Automat.cpp:293:9: warning: unused variable ‘currentState’ [-Wunused-variable]
  State* currentState = State0::makeState();
         ^
make[2]: *** [AutomatTarget] Error 1
make[1]: Entering directory '/home/sonja/Dokumente/SysProg/bearbeiteteVersionen/3.Labortermin/SysProgSS2016/SysProgTemplate_SS_15/Automat'
make AutomatTarget
make[2]: Entering directory '/home/sonja/Dokumente/SysProg/bearbeiteteVersionen/3.Labortermin/SysProgSS2016/SysProgTemplate_SS_15/Automat'
g++ -g  -c -Wall src/Automat.cpp -o objs/Automat.o  
makefile:22: recipe for target 'AutomatTarget' failed
make[1]: *** [AutomatOBJTarget] Error 2
make: *** [automatOBJs] Error 2
make[2]: Leaving directory '/home/sonja/Dokumente/SysProg/bearbeiteteVersionen/3.Labortermin/SysProgSS2016/SysProgTemplate_SS_15/Automat'
makefile:42: recipe for target 'AutomatOBJTarget' failed
make[1]: Leaving directory '/home/sonja/Dokumente/SysProg/bearbeiteteVersionen/3.Labortermin/SysProgSS2016/SysProgTemplate_SS_15/Automat'
makefile:31: recipe for target 'automatOBJs' failed
22:14:45 **** Incremental Build of configuration Default for project SysProgTemplate_SS_15 ****
make all 
make -C Automat AutomatOBJTarget
make[1]: Entering directory '/home/sonja/Dokumente/SysProg/bearbeiteteVersionen/3.Labortermin/SysProgSS2016/SysProgTemplate_SS_15/Automat'
make AutomatTarget
make[2]: Entering directory '/home/sonja/Dokumente/SysProg/bearbeiteteVersionen/3.Labortermin/SysProgSS2016/SysProgTemplate_SS_15/Automat'
g++ -g  -c -Wall src/Automat.cpp -o objs/Automat.o  
src/Automat.cpp: In constructor ‘Automat::Automat()’:
src/Automat.cpp:293:9: warning: unused variable ‘currentState’ [-Wunused-variable]
  State* currentState = State0::makeState();
         ^
make[2]: Leaving directory '/home/sonja/Dokumente/SysProg/bearbeiteteVersionen/3.Labortermin/SysProgSS2016/SysProgTemplate_SS_15/Automat'
make[1]: Leaving directory '/home/sonja/Dokumente/SysProg/bearbeiteteVersionen/3.Labortermin/SysProgSS2016/SysProgTemplate_SS_15/Automat'
make -C Buffer BufferOBJTarget
make[1]: Entering directory '/home/sonja/Dokumente/SysProg/bearbeiteteVersionen/3.Labortermin/SysProgSS2016/SysProgTemplate_SS_15/Buffer'
make BufferTarget
make[2]: Entering directory '/home/sonja/Dokumente/SysProg/bearbeiteteVersionen/3.Labortermin/SysProgSS2016/SysProgTemplate_SS_15/Buffer'
g++ -g  -c -Wall  src/Buffer.cpp -o objs/Buffer.o
make[2]: Leaving directory '/home/sonja/Dokumente/SysProg/bearbeiteteVersionen/3.Labortermin/SysProgSS2016/SysProgTemplate_SS_15/Buffer'
make[1]: Leaving directory '/home/sonja/Dokumente/SysProg/bearbeiteteVersionen/3.Labortermin/SysProgSS2016/SysProgTemplate_SS_15/Buffer'
make -C Symboltable SymboltableOBJTarget
make[1]: Entering directory '/home/sonja/Dokumente/SysProg/bearbeiteteVersionen/3.Labortermin/SysProgSS2016/SysProgTemplate_SS_15/Symboltable'
make SymboltableTarget
make[2]: Entering directory '/home/sonja/Dokumente/SysProg/bearbeiteteVersionen/3.Labortermin/SysProgSS2016/SysProgTemplate_SS_15/Symboltable'
make[2]: Nothing to be done for 'SymboltableTarget'.
make[2]: Leaving directory '/home/sonja/Dokumente/SysProg/bearbeiteteVersionen/3.Labortermin/SysProgSS2016/SysProgTemplate_SS_15/Symboltable'
make[1]: Leaving directory '/home/sonja/Dokumente/SysProg/bearbeiteteVersionen/3.Labortermin/SysProgSS2016/SysProgTemplate_SS_15/Symboltable'
make -C Scanner makeTestScanner
make[1]: Entering directory '/home/sonja/Dokumente/SysProg/bearbeiteteVersionen/3.Labortermin/SysProgSS2016/SysProgTemplate_SS_15/Scanner'
g++ -g  -c -Wall src/TestScanner.cpp -o debug/TestScanner.o  
src/TestScanner.cpp: In function ‘int main(int, char**)’:
src/TestScanner.cpp:5:11: warning: variable ‘scanner’ set but not used [-Wunused-but-set-variable]
  Scanner* scanner;
           ^
g++ -g debug/TestScanner.o objs/*.o ../Automat/objs/*.o ../Buffer/objs/*.o ../Symboltable/objs/*.o -o debug/ScannerTest
/usr/bin/ld: i386:x86-64 architecture of input file `objs/Scanner.o' is incompatible with i386 output
/usr/bin/ld: i386:x86-64 architecture of input file `../Symboltable/objs/Symboltable.o' is incompatible with i386 output
objs/Scanner.o: In Funktion `Scanner::Scanner()':
/home/stud/lkt/fbi/ngng1012/SysProgSS2016/SysProgTemplate_SS_15/Scanner/src/Scanner.cpp:13: Nicht definierter Verweis auf `operator new(unsigned long)'
makefile:65: recipe for target 'ScannerTest' failed
make[1]: Leaving directory '/home/sonja/Dokumente/SysProg/bearbeiteteVersionen/3.Labortermin/SysProgSS2016/SysProgTemplate_SS_15/Scanner'
makefile:43: recipe for target 'scanner' failed
../Automat/objs/Automat.o: In Funktion `State0::read(char, Automat*)':
/home/sonja/Dokumente/SysProg/bearbeiteteVersionen/3.Labortermin/SysProgSS2016/SysProgTemplate_SS_15/Automat/src/Automat.cpp:217: Nicht definierter Verweis auf `Automat::stop()'
../Automat/objs/Automat.o: In Funktion `State::State()':
/home/sonja/Dokumente/SysProg/bearbeiteteVersionen/3.Labortermin/SysProgSS2016/SysProgTemplate_SS_15/Automat/src/../includes/Automat.h:25: Nicht definierter Verweis auf `vtable for State'
../Automat/objs/Automat.o:(.rodata._ZTV7State10[_ZTV7State10]+0xc): Nicht definierter Verweis auf `State10::~State10()'
../Automat/objs/Automat.o:(.rodata._ZTV7State10[_ZTV7State10]+0x10): Nicht definierter Verweis auf `State10::~State10()'
../Automat/objs/Automat.o:(.rodata._ZTV6State9[_ZTV6State9]+0xc): Nicht definierter Verweis auf `State9::~State9()'
../Automat/objs/Automat.o:(.rodata._ZTV6State9[_ZTV6State9]+0x10): Nicht definierter Verweis auf `State9::~State9()'
../Automat/objs/Automat.o:(.rodata._ZTV6State8[_ZTV6State8]+0xc): Nicht definierter Verweis auf `State8::~State8()'
../Automat/objs/Automat.o:(.rodata._ZTV6State8[_ZTV6State8]+0x10): Nicht definierter Verweis auf `State8::~State8()'
../Automat/objs/Automat.o:(.rodata._ZTV6State7[_ZTV6State7]+0xc): Nicht definierter Verweis auf `State7::~State7()'
../Automat/objs/Automat.o:(.rodata._ZTV6State7[_ZTV6State7]+0x10): Nicht definierter Verweis auf `State7::~State7()'
../Automat/objs/Automat.o:(.rodata._ZTV6State6[_ZTV6State6]+0xc): Nicht definierter Verweis auf `State6::~State6()'
../Automat/objs/Automat.o:(.rodata._ZTV6State6[_ZTV6State6]+0x10): Nicht definierter Verweis auf `State6::~State6()'
../Automat/objs/Automat.o:(.rodata._ZTV6State5[_ZTV6State5]+0xc): Nicht definierter Verweis auf `State5::~State5()'
../Automat/objs/Automat.o:(.rodata._ZTV6State5[_ZTV6State5]+0x10): Nicht definierter Verweis auf `State5::~State5()'
../Automat/objs/Automat.o:(.rodata._ZTV6State4[_ZTV6State4]+0xc): Nicht definierter Verweis auf `State4::~State4()'
../Automat/objs/Automat.o:(.rodata._ZTV6State4[_ZTV6State4]+0x10): Nicht definierter Verweis auf `State4::~State4()'
../Automat/objs/Automat.o:(.rodata._ZTV6State3[_ZTV6State3]+0xc): Nicht definierter Verweis auf `State3::~State3()'
../Automat/objs/Automat.o:(.rodata._ZTV6State3[_ZTV6State3]+0x10): Nicht definierter Verweis auf `State3::~State3()'
../Automat/objs/Automat.o:(.rodata._ZTV6State2[_ZTV6State2]+0xc): Nicht definierter Verweis auf `State2::~State2()'
../Automat/objs/Automat.o:(.rodata._ZTV6State2[_ZTV6State2]+0x10): Nicht definierter Verweis auf `State2::~State2()'
../Automat/objs/Automat.o:(.rodata._ZTV6State1[_ZTV6State1]+0xc): Nicht definierter Verweis auf `State1::~State1()'
../Automat/objs/Automat.o:(.rodata._ZTV6State1[_ZTV6State1]+0x10): Nicht definierter Verweis auf `State1::~State1()'
../Automat/objs/Automat.o:(.rodata._ZTV6State0[_ZTV6State0]+0xc): Nicht definierter Verweis auf `State0::~State0()'
../Automat/objs/Automat.o:(.rodata._ZTV6State0[_ZTV6State0]+0x10): Nicht definierter Verweis auf `State0::~State0()'
../Automat/objs/Automat.o:(.rodata._ZTI7State10[_ZTI7State10]+0x8): Nicht definierter Verweis auf `typeinfo for State'
../Automat/objs/Automat.o:(.rodata._ZTI6State9[_ZTI6State9]+0x8): Nicht definierter Verweis auf `typeinfo for State'
../Automat/objs/Automat.o:(.rodata._ZTI6State8[_ZTI6State8]+0x8): Nicht definierter Verweis auf `typeinfo for State'
../Automat/objs/Automat.o:(.rodata._ZTI6State7[_ZTI6State7]+0x8): Nicht definierter Verweis auf `typeinfo for State'
../Automat/objs/Automat.o:(.rodata._ZTI6State6[_ZTI6State6]+0x8): Nicht definierter Verweis auf `typeinfo for State'
../Automat/objs/Automat.o:(.rodata._ZTI6State5[_ZTI6State5]+0x8): Weitere nicht definierte Verweise auf `typeinfo for State' folgen
collect2: error: ld returned 1 exit status
make[1]: *** [ScannerTest] Error 1
make: *** [scanner] Error 2
22:19:55 **** Incremental Build of configuration Default for project SysProgTemplate_SS_15 ****
make all 
make -C Automat AutomatOBJTarget
make[1]: Entering directory '/home/sonja/Dokumente/SysProg/bearbeiteteVersionen/3.Labortermin/SysProgSS2016/SysProgTemplate_SS_15/Automat'
make AutomatTarget
make[2]: Entering directory '/home/sonja/Dokumente/SysProg/bearbeiteteVersionen/3.Labortermin/SysProgSS2016/SysProgTemplate_SS_15/Automat'
g++ -g  -c -Wall src/Automat.cpp -o objs/Automat.o  
src/Automat.cpp: In constructor ‘Automat::Automat()’:
src/Automat.cpp:295:9: warning: unused variable ‘currentState’ [-Wunused-variable]
  State* currentState = State0::makeState();
         ^
make[2]: Leaving directory '/home/sonja/Dokumente/SysProg/bearbeiteteVersionen/3.Labortermin/SysProgSS2016/SysProgTemplate_SS_15/Automat'
make[1]: Leaving directory '/home/sonja/Dokumente/SysProg/bearbeiteteVersionen/3.Labortermin/SysProgSS2016/SysProgTemplate_SS_15/Automat'
make -C Buffer BufferOBJTarget
make[1]: Entering directory '/home/sonja/Dokumente/SysProg/bearbeiteteVersionen/3.Labortermin/SysProgSS2016/SysProgTemplate_SS_15/Buffer'
make BufferTarget
make[2]: Entering directory '/home/sonja/Dokumente/SysProg/bearbeiteteVersionen/3.Labortermin/SysProgSS2016/SysProgTemplate_SS_15/Buffer'
g++ -g  -c -Wall  src/Buffer.cpp -o objs/Buffer.o
make[2]: Leaving directory '/home/sonja/Dokumente/SysProg/bearbeiteteVersionen/3.Labortermin/SysProgSS2016/SysProgTemplate_SS_15/Buffer'
make[1]: Leaving directory '/home/sonja/Dokumente/SysProg/bearbeiteteVersionen/3.Labortermin/SysProgSS2016/SysProgTemplate_SS_15/Buffer'
make -C Symboltable SymboltableOBJTarget
make[1]: Entering directory '/home/sonja/Dokumente/SysProg/bearbeiteteVersionen/3.Labortermin/SysProgSS2016/SysProgTemplate_SS_15/Symboltable'
make SymboltableTarget
make[2]: Entering directory '/home/sonja/Dokumente/SysProg/bearbeiteteVersionen/3.Labortermin/SysProgSS2016/SysProgTemplate_SS_15/Symboltable'
make[2]: Nothing to be done for 'SymboltableTarget'.
make[2]: Leaving directory '/home/sonja/Dokumente/SysProg/bearbeiteteVersionen/3.Labortermin/SysProgSS2016/SysProgTemplate_SS_15/Symboltable'
make[1]: Leaving directory '/home/sonja/Dokumente/SysProg/bearbeiteteVersionen/3.Labortermin/SysProgSS2016/SysProgTemplate_SS_15/Symboltable'
make -C Scanner makeTestScanner
make[1]: Entering directory '/home/sonja/Dokumente/SysProg/bearbeiteteVersionen/3.Labortermin/SysProgSS2016/SysProgTemplate_SS_15/Scanner'
g++ -g  -c -Wall src/TestScanner.cpp -o debug/TestScanner.o  
src/TestScanner.cpp: In function ‘int main(int, char**)’:
src/TestScanner.cpp:5:11: warning: variable ‘scanner’ set but not used [-Wunused-but-set-variable]
  Scanner* scanner;
           ^
g++ -g debug/TestScanner.o objs/*.o ../Automat/objs/*.o ../Buffer/objs/*.o ../Symboltable/objs/*.o -o debug/ScannerTest
/usr/bin/ld: i386:x86-64 architecture of input file `objs/Scanner.o' is incompatible with i386 output
/usr/bin/ld: i386:x86-64 architecture of input file `../Symboltable/objs/Symboltable.o' is incompatible with i386 output
makefile:65: recipe for target 'ScannerTest' failed
make[1]: Leaving directory '/home/sonja/Dokumente/SysProg/bearbeiteteVersionen/3.Labortermin/SysProgSS2016/SysProgTemplate_SS_15/Scanner'
makefile:43: recipe for target 'scanner' failed
objs/Scanner.o: In Funktion `Scanner::Scanner()':
/home/stud/lkt/fbi/ngng1012/SysProgSS2016/SysProgTemplate_SS_15/Scanner/src/Scanner.cpp:13: Nicht definierter Verweis auf `operator new(unsigned long)'
../Automat/objs/Automat.o: In Funktion `State::State()':
/home/sonja/Dokumente/SysProg/bearbeiteteVersionen/3.Labortermin/SysProgSS2016/SysProgTemplate_SS_15/Automat/src/../includes/Automat.h:25: Nicht definierter Verweis auf `vtable for State'
../Automat/objs/Automat.o:(.rodata._ZTV7State10[_ZTV7State10]+0xc): Nicht definierter Verweis auf `State10::~State10()'
../Automat/objs/Automat.o:(.rodata._ZTV7State10[_ZTV7State10]+0x10): Nicht definierter Verweis auf `State10::~State10()'
../Automat/objs/Automat.o:(.rodata._ZTV6State9[_ZTV6State9]+0xc): Nicht definierter Verweis auf `State9::~State9()'
../Automat/objs/Automat.o:(.rodata._ZTV6State9[_ZTV6State9]+0x10): Nicht definierter Verweis auf `State9::~State9()'
../Automat/objs/Automat.o:(.rodata._ZTV6State8[_ZTV6State8]+0xc): Nicht definierter Verweis auf `State8::~State8()'
../Automat/objs/Automat.o:(.rodata._ZTV6State8[_ZTV6State8]+0x10): Nicht definierter Verweis auf `State8::~State8()'
../Automat/objs/Automat.o:(.rodata._ZTV6State7[_ZTV6State7]+0xc): Nicht definierter Verweis auf `State7::~State7()'
../Automat/objs/Automat.o:(.rodata._ZTV6State7[_ZTV6State7]+0x10): Nicht definierter Verweis auf `State7::~State7()'
../Automat/objs/Automat.o:(.rodata._ZTV6State6[_ZTV6State6]+0xc): Nicht definierter Verweis auf `State6::~State6()'
../Automat/objs/Automat.o:(.rodata._ZTV6State6[_ZTV6State6]+0x10): Nicht definierter Verweis auf `State6::~State6()'
../Automat/objs/Automat.o:(.rodata._ZTV6State5[_ZTV6State5]+0xc): Nicht definierter Verweis auf `State5::~State5()'
../Automat/objs/Automat.o:(.rodata._ZTV6State5[_ZTV6State5]+0x10): Nicht definierter Verweis auf `State5::~State5()'
../Automat/objs/Automat.o:(.rodata._ZTV6State4[_ZTV6State4]+0xc): Nicht definierter Verweis auf `State4::~State4()'
../Automat/objs/Automat.o:(.rodata._ZTV6State4[_ZTV6State4]+0x10): Nicht definierter Verweis auf `State4::~State4()'
../Automat/objs/Automat.o:(.rodata._ZTV6State3[_ZTV6State3]+0xc): Nicht definierter Verweis auf `State3::~State3()'
../Automat/objs/Automat.o:(.rodata._ZTV6State3[_ZTV6State3]+0x10): Nicht definierter Verweis auf `State3::~State3()'
../Automat/objs/Automat.o:(.rodata._ZTV6State2[_ZTV6State2]+0xc): Nicht definierter Verweis auf `State2::~State2()'
../Automat/objs/Automat.o:(.rodata._ZTV6State2[_ZTV6State2]+0x10): Nicht definierter Verweis auf `State2::~State2()'
../Automat/objs/Automat.o:(.rodata._ZTV6State1[_ZTV6State1]+0xc): Nicht definierter Verweis auf `State1::~State1()'
../Automat/objs/Automat.o:(.rodata._ZTV6State1[_ZTV6State1]+0x10): Nicht definierter Verweis auf `State1::~State1()'
../Automat/objs/Automat.o:(.rodata._ZTV6State0[_ZTV6State0]+0xc): Nicht definierter Verweis auf `State0::~State0()'
../Automat/objs/Automat.o:(.rodata._ZTV6State0[_ZTV6State0]+0x10): Nicht definierter Verweis auf `State0::~State0()'
../Automat/objs/Automat.o:(.rodata._ZTI7State10[_ZTI7State10]+0x8): Nicht definierter Verweis auf `typeinfo for State'
../Automat/objs/Automat.o:(.rodata._ZTI6State9[_ZTI6State9]+0x8): Nicht definierter Verweis auf `typeinfo for State'
../Automat/objs/Automat.o:(.rodata._ZTI6State8[_ZTI6State8]+0x8): Nicht definierter Verweis auf `typeinfo for State'
../Automat/objs/Automat.o:(.rodata._ZTI6State7[_ZTI6State7]+0x8): Nicht definierter Verweis auf `typeinfo for State'
../Automat/objs/Automat.o:(.rodata._ZTI6State6[_ZTI6State6]+0x8): Nicht definierter Verweis auf `typeinfo for State'
../Automat/objs/Automat.o:(.rodata._ZTI6State5[_ZTI6State5]+0x8): Weitere nicht definierte Verweise auf `typeinfo for State' folgen
collect2: error: ld returned 1 exit status
make[1]: *** [ScannerTest] Error 1
make: *** [scanner] Error 2
23:06:09 **** Incremental Build of configuration Default for project SysProgTemplate_SS_15 ****
make all 
make -C Automat AutomatOBJTarget
make[1]: Entering directory '/home/sonja/Dokumente/SysProg/bearbeiteteVersionen/3.Labortermin/SysProgSS2016/SysProgTemplate_SS_15/Automat'
make AutomatTarget
make[2]: Entering directory '/home/sonja/Dokumente/SysProg/bearbeiteteVersionen/3.Labortermin/SysProgSS2016/SysProgTemplate_SS_15/Automat'
g++ -g  -c -Wall src/Automat.cpp -o objs/Automat.o  
src/Automat.cpp: In constructor ‘Automat::Automat()’:
src/Automat.cpp:467:9: warning: unused variable ‘currentState’ [-Wunused-variable]
  State* currentState = State0::makeState();
         ^
make[2]: Leaving directory '/home/sonja/Dokumente/SysProg/bearbeiteteVersionen/3.Labortermin/SysProgSS2016/SysProgTemplate_SS_15/Automat'
make[1]: Leaving directory '/home/sonja/Dokumente/SysProg/bearbeiteteVersionen/3.Labortermin/SysProgSS2016/SysProgTemplate_SS_15/Automat'
make -C Buffer BufferOBJTarget
make[1]: Entering directory '/home/sonja/Dokumente/SysProg/bearbeiteteVersionen/3.Labortermin/SysProgSS2016/SysProgTemplate_SS_15/Buffer'
make BufferTarget
make[2]: Entering directory '/home/sonja/Dokumente/SysProg/bearbeiteteVersionen/3.Labortermin/SysProgSS2016/SysProgTemplate_SS_15/Buffer'
g++ -g  -c -Wall  src/Buffer.cpp -o objs/Buffer.o
make[2]: Leaving directory '/home/sonja/Dokumente/SysProg/bearbeiteteVersionen/3.Labortermin/SysProgSS2016/SysProgTemplate_SS_15/Buffer'
make[1]: Leaving directory '/home/sonja/Dokumente/SysProg/bearbeiteteVersionen/3.Labortermin/SysProgSS2016/SysProgTemplate_SS_15/Buffer'
make -C Symboltable SymboltableOBJTarget
make[1]: Entering directory '/home/sonja/Dokumente/SysProg/bearbeiteteVersionen/3.Labortermin/SysProgSS2016/SysProgTemplate_SS_15/Symboltable'
make SymboltableTarget
make[2]: Entering directory '/home/sonja/Dokumente/SysProg/bearbeiteteVersionen/3.Labortermin/SysProgSS2016/SysProgTemplate_SS_15/Symboltable'
make[2]: Nothing to be done for 'SymboltableTarget'.
make[2]: Leaving directory '/home/sonja/Dokumente/SysProg/bearbeiteteVersionen/3.Labortermin/SysProgSS2016/SysProgTemplate_SS_15/Symboltable'
make[1]: Leaving directory '/home/sonja/Dokumente/SysProg/bearbeiteteVersionen/3.Labortermin/SysProgSS2016/SysProgTemplate_SS_15/Symboltable'
make -C Scanner makeTestScanner
make[1]: Entering directory '/home/sonja/Dokumente/SysProg/bearbeiteteVersionen/3.Labortermin/SysProgSS2016/SysProgTemplate_SS_15/Scanner'
g++ -g  -c -Wall src/TestScanner.cpp -o debug/TestScanner.o  
src/TestScanner.cpp: In function ‘int main(int, char**)’:
src/TestScanner.cpp:5:11: warning: variable ‘scanner’ set but not used [-Wunused-but-set-variable]
  Scanner* scanner;
           ^
g++ -g debug/TestScanner.o objs/*.o ../Automat/objs/*.o ../Buffer/objs/*.o ../Symboltable/objs/*.o -o debug/ScannerTest
/usr/bin/ld: i386:x86-64 architecture of input file `objs/Scanner.o' is incompatible with i386 output
/usr/bin/ld: i386:x86-64 architecture of input file `../Symboltable/objs/Symboltable.o' is incompatible with i386 output
objs/Scanner.o: In Funktion `Scanner::Scanner()':
/home/stud/lkt/fbi/ngng1012/SysProgSS2016/SysProgTemplate_SS_15/Scanner/src/Scanner.cpp:13: Nicht definierter Verweis auf `operator new(unsigned long)'
../Automat/objs/Automat.o: In Funktion `State::State()':
/home/sonja/Dokumente/SysProg/bearbeiteteVersionen/3.Labortermin/SysProgSS2016/SysProgTemplate_SS_15/Automat/src/../includes/Automat.h:25: Nicht definierter Verweis auf `vtable for State'
../Automat/objs/Automat.o:(.rodata._ZTV7State10[_ZTV7State10]+0xc): Nicht definierter Verweis auf `State10::~State10()'
../Automat/objs/Automat.o:(.rodata._ZTV7State10[_ZTV7State10]+0x10): Nicht definierter Verweis auf `State10::~State10()'
../Automat/objs/Automat.o:(.rodata._ZTV6State9[_ZTV6State9]+0xc): Nicht definierter Verweis auf `State9::~State9()'
../Automat/objs/Automat.o:(.rodata._ZTV6State9[_ZTV6State9]+0x10): Nicht definierter Verweis auf `State9::~State9()'
../Automat/objs/Automat.o:(.rodata._ZTV6State8[_ZTV6State8]+0xc): Nicht definierter Verweis auf `State8::~State8()'
../Automat/objs/Automat.o:(.rodata._ZTV6State8[_ZTV6State8]+0x10): Nicht definierter Verweis auf `State8::~State8()'
../Automat/objs/Automat.o:(.rodata._ZTV6State7[_ZTV6State7]+0xc): Nicht definierter Verweis auf `State7::~State7()'
../Automat/objs/Automat.o:(.rodata._ZTV6State7[_ZTV6State7]+0x10): Nicht definierter Verweis auf `State7::~State7()'
../Automat/objs/Automat.o:(.rodata._ZTV6State6[_ZTV6State6]+0xc): Nicht definierter Verweis auf `State6::~State6()'
../Automat/objs/Automat.o:(.rodata._ZTV6State6[_ZTV6State6]+0x10): Nicht definierter Verweis auf `State6::~State6()'
../Automat/objs/Automat.o:(.rodata._ZTV6State5[_ZTV6State5]+0xc): Nicht definierter Verweis auf `State5::~State5()'
../Automat/objs/Automat.o:(.rodata._ZTV6State5[_ZTV6State5]+0x10): Nicht definierter Verweis auf `State5::~State5()'
../Automat/objs/Automat.o:(.rodata._ZTV6State4[_ZTV6State4]+0xc): Nicht definierter Verweis auf `State4::~State4()'
../Automat/objs/Automat.o:(.rodata._ZTV6State4[_ZTV6State4]+0x10): Nicht definierter Verweis auf `State4::~State4()'
../Automat/objs/Automat.o:(.rodata._ZTV6State3[_ZTV6State3]+0xc): Nicht definierter Verweis auf `State3::~State3()'
../Automat/objs/Automat.o:(.rodata._ZTV6State3[_ZTV6State3]+0x10): Nicht definierter Verweis auf `State3::~State3()'
../Automat/objs/Automat.o:(.rodata._ZTV6State2[_ZTV6State2]+0xc): Nicht definierter Verweis auf `State2::~State2()'
../Automat/objs/Automat.o:(.rodata._ZTV6State2[_ZTV6State2]+0x10): Nicht definierter Verweis auf `State2::~State2()'
../Automat/objs/Automat.o:(.rodata._ZTV6State1[_ZTV6State1]+0xc): Nicht definierter Verweis auf `State1::~State1()'
../Automat/objs/Automat.o:(.rodata._ZTV6State1[_ZTV6State1]+0x10): Nicht definierter Verweis auf `State1::~State1()'
../Automat/objs/Automat.o:(.rodata._ZTV6State0[_ZTV6State0]+0xc): Nicht definierter Verweis auf `State0::~State0()'
../Automat/objs/Automat.o:(.rodata._ZTV6State0[_ZTV6State0]+0x10): Nicht definierter Verweis auf `State0::~State0()'
../Automat/objs/Automat.o:(.rodata._ZTI7State10[_ZTI7State10]+0x8): Nicht definierter Verweis auf `typeinfo for State'
../Automat/objs/Automat.o:(.rodata._ZTI6State9[_ZTI6State9]+0x8): Nicht definierter Verweis auf `typeinfo for State'
../Automat/objs/Automat.o:(.rodata._ZTI6State8[_ZTI6State8]+0x8): Nicht definierter Verweis auf `typeinfo for State'
../Automat/objs/Automat.o:(.rodata._ZTI6State7[_ZTI6State7]+0x8): Nicht definierter Verweis auf `typeinfo for State'
makefile:65: recipe for target 'ScannerTest' failed
make[1]: Leaving directory '/home/sonja/Dokumente/SysProg/bearbeiteteVersionen/3.Labortermin/SysProgSS2016/SysProgTemplate_SS_15/Scanner'
makefile:43: recipe for target 'scanner' failed
../Automat/objs/Automat.o:(.rodata._ZTI6State6[_ZTI6State6]+0x8): Nicht definierter Verweis auf `typeinfo for State'
../Automat/objs/Automat.o:(.rodata._ZTI6State5[_ZTI6State5]+0x8): Weitere nicht definierte Verweise auf `typeinfo for State' folgen
collect2: error: ld returned 1 exit status
make[1]: *** [ScannerTest] Error 1
make: *** [scanner] Error 2
23:26:27 **** Incremental Build of configuration Default for project SysProgTemplate_SS_15 ****
make all 
make -C Automat AutomatOBJTarget
make[1]: Entering directory '/home/sonja/Dokumente/SysProg/bearbeiteteVersionen/3.Labortermin/SysProgSS2016/SysProgTemplate_SS_15/Automat'
make AutomatTarget
make[2]: Entering directory '/home/sonja/Dokumente/SysProg/bearbeiteteVersionen/3.Labortermin/SysProgSS2016/SysProgTemplate_SS_15/Automat'
g++ -g  -c -Wall src/Automat.cpp -o objs/Automat.o  
src/Automat.cpp: In constructor ‘Automat::Automat()’:
src/Automat.cpp:467:9: warning: unused variable ‘currentState’ [-Wunused-variable]
  State* currentState = State0::makeState();
         ^
make[2]: Leaving directory '/home/sonja/Dokumente/SysProg/bearbeiteteVersionen/3.Labortermin/SysProgSS2016/SysProgTemplate_SS_15/Automat'
make[1]: Leaving directory '/home/sonja/Dokumente/SysProg/bearbeiteteVersionen/3.Labortermin/SysProgSS2016/SysProgTemplate_SS_15/Automat'
make -C Buffer BufferOBJTarget
make[1]: Entering directory '/home/sonja/Dokumente/SysProg/bearbeiteteVersionen/3.Labortermin/SysProgSS2016/SysProgTemplate_SS_15/Buffer'
make BufferTarget
make[2]: Entering directory '/home/sonja/Dokumente/SysProg/bearbeiteteVersionen/3.Labortermin/SysProgSS2016/SysProgTemplate_SS_15/Buffer'
g++ -g  -c -Wall  src/Buffer.cpp -o objs/Buffer.o
make[2]: Leaving directory '/home/sonja/Dokumente/SysProg/bearbeiteteVersionen/3.Labortermin/SysProgSS2016/SysProgTemplate_SS_15/Buffer'
make[1]: Leaving directory '/home/sonja/Dokumente/SysProg/bearbeiteteVersionen/3.Labortermin/SysProgSS2016/SysProgTemplate_SS_15/Buffer'
make -C Symboltable SymboltableOBJTarget
make[1]: Entering directory '/home/sonja/Dokumente/SysProg/bearbeiteteVersionen/3.Labortermin/SysProgSS2016/SysProgTemplate_SS_15/Symboltable'
make SymboltableTarget
make[2]: Entering directory '/home/sonja/Dokumente/SysProg/bearbeiteteVersionen/3.Labortermin/SysProgSS2016/SysProgTemplate_SS_15/Symboltable'
make[2]: Nothing to be done for 'SymboltableTarget'.
make[2]: Leaving directory '/home/sonja/Dokumente/SysProg/bearbeiteteVersionen/3.Labortermin/SysProgSS2016/SysProgTemplate_SS_15/Symboltable'
make[1]: Leaving directory '/home/sonja/Dokumente/SysProg/bearbeiteteVersionen/3.Labortermin/SysProgSS2016/SysProgTemplate_SS_15/Symboltable'
make -C Scanner makeTestScanner
make[1]: Entering directory '/home/sonja/Dokumente/SysProg/bearbeiteteVersionen/3.Labortermin/SysProgSS2016/SysProgTemplate_SS_15/Scanner'
g++ -g  -c -Wall src/TestScanner.cpp -o debug/TestScanner.o  
src/TestScanner.cpp: In function ‘int main(int, char**)’:
src/TestScanner.cpp:5:11: warning: variable ‘scanner’ set but not used [-Wunused-but-set-variable]
  Scanner* scanner;
           ^
g++ -g debug/TestScanner.o objs/*.o ../Automat/objs/*.o ../Buffer/objs/*.o ../Symboltable/objs/*.o -o debug/ScannerTest
/usr/bin/ld: i386:x86-64 architecture of input file `objs/Scanner.o' is incompatible with i386 output
/usr/bin/ld: i386:x86-64 architecture of input file `../Symboltable/objs/Symboltable.o' is incompatible with i386 output
objs/Scanner.o: In Funktion `Scanner::Scanner()':
/home/stud/lkt/fbi/ngng1012/SysProgSS2016/SysProgTemplate_SS_15/Scanner/src/Scanner.cpp:13: Nicht definierter Verweis auf `operator new(unsigned long)'
makefile:65: recipe for target 'ScannerTest' failed
make[1]: Leaving directory '/home/sonja/Dokumente/SysProg/bearbeiteteVersionen/3.Labortermin/SysProgSS2016/SysProgTemplate_SS_15/Scanner'
makefile:43: recipe for target 'scanner' failed
../Automat/objs/Automat.o: In Funktion `State::State()':
/home/sonja/Dokumente/SysProg/bearbeiteteVersionen/3.Labortermin/SysProgSS2016/SysProgTemplate_SS_15/Automat/src/../includes/Automat.h:25: Nicht definierter Verweis auf `vtable for State'
../Automat/objs/Automat.o:(.rodata._ZTV7State10[_ZTV7State10]+0xc): Nicht definierter Verweis auf `State10::~State10()'
../Automat/objs/Automat.o:(.rodata._ZTV7State10[_ZTV7State10]+0x10): Nicht definierter Verweis auf `State10::~State10()'
../Automat/objs/Automat.o:(.rodata._ZTV6State9[_ZTV6State9]+0xc): Nicht definierter Verweis auf `State9::~State9()'
../Automat/objs/Automat.o:(.rodata._ZTV6State9[_ZTV6State9]+0x10): Nicht definierter Verweis auf `State9::~State9()'
../Automat/objs/Automat.o:(.rodata._ZTV6State8[_ZTV6State8]+0xc): Nicht definierter Verweis auf `State8::~State8()'
../Automat/objs/Automat.o:(.rodata._ZTV6State8[_ZTV6State8]+0x10): Nicht definierter Verweis auf `State8::~State8()'
../Automat/objs/Automat.o:(.rodata._ZTV6State7[_ZTV6State7]+0xc): Nicht definierter Verweis auf `State7::~State7()'
../Automat/objs/Automat.o:(.rodata._ZTV6State7[_ZTV6State7]+0x10): Nicht definierter Verweis auf `State7::~State7()'
../Automat/objs/Automat.o:(.rodata._ZTV6State6[_ZTV6State6]+0xc): Nicht definierter Verweis auf `State6::~State6()'
../Automat/objs/Automat.o:(.rodata._ZTV6State6[_ZTV6State6]+0x10): Nicht definierter Verweis auf `State6::~State6()'
../Automat/objs/Automat.o:(.rodata._ZTV6State5[_ZTV6State5]+0xc): Nicht definierter Verweis auf `State5::~State5()'
../Automat/objs/Automat.o:(.rodata._ZTV6State5[_ZTV6State5]+0x10): Nicht definierter Verweis auf `State5::~State5()'
../Automat/objs/Automat.o:(.rodata._ZTV6State4[_ZTV6State4]+0xc): Nicht definierter Verweis auf `State4::~State4()'
../Automat/objs/Automat.o:(.rodata._ZTV6State4[_ZTV6State4]+0x10): Nicht definierter Verweis auf `State4::~State4()'
../Automat/objs/Automat.o:(.rodata._ZTV6State3[_ZTV6State3]+0xc): Nicht definierter Verweis auf `State3::~State3()'
../Automat/objs/Automat.o:(.rodata._ZTV6State3[_ZTV6State3]+0x10): Nicht definierter Verweis auf `State3::~State3()'
../Automat/objs/Automat.o:(.rodata._ZTV6State2[_ZTV6State2]+0xc): Nicht definierter Verweis auf `State2::~State2()'
../Automat/objs/Automat.o:(.rodata._ZTV6State2[_ZTV6State2]+0x10): Nicht definierter Verweis auf `State2::~State2()'
../Automat/objs/Automat.o:(.rodata._ZTV6State1[_ZTV6State1]+0xc): Nicht definierter Verweis auf `State1::~State1()'
../Automat/objs/Automat.o:(.rodata._ZTV6State1[_ZTV6State1]+0x10): Nicht definierter Verweis auf `State1::~State1()'
../Automat/objs/Automat.o:(.rodata._ZTV6State0[_ZTV6State0]+0xc): Nicht definierter Verweis auf `State0::~State0()'
../Automat/objs/Automat.o:(.rodata._ZTV6State0[_ZTV6State0]+0x10): Nicht definierter Verweis auf `State0::~State0()'
../Automat/objs/Automat.o:(.rodata._ZTI7State10[_ZTI7State10]+0x8): Nicht definierter Verweis auf `typeinfo for State'
../Automat/objs/Automat.o:(.rodata._ZTI6State9[_ZTI6State9]+0x8): Nicht definierter Verweis auf `typeinfo for State'
../Automat/objs/Automat.o:(.rodata._ZTI6State8[_ZTI6State8]+0x8): Nicht definierter Verweis auf `typeinfo for State'
../Automat/objs/Automat.o:(.rodata._ZTI6State7[_ZTI6State7]+0x8): Nicht definierter Verweis auf `typeinfo for State'
../Automat/objs/Automat.o:(.rodata._ZTI6State6[_ZTI6State6]+0x8): Nicht definierter Verweis auf `typeinfo for State'
../Automat/objs/Automat.o:(.rodata._ZTI6State5[_ZTI6State5]+0x8): Weitere nicht definierte Verweise auf `typeinfo for State' folgen
collect2: error: ld returned 1 exit status
make[1]: *** [ScannerTest] Error 1
make: *** [scanner] Error 2
